# JRE version: 7.0_21-b11
# Java VM: Java HotSpot(TM) Server VM (23.21-b01 mixed mode linux-x86 )
Heap
 PSYoungGen      total 132480K, used 26652K [0xa88f0000, 0xb30d0000, 0xb3390000)
  eden space 93696K, 28% used [0xa88f0000,0xaa2f7298,0xae470000)
  from space 38784K, 0% used [0xb0af0000,0xb0af0000,0xb30d0000)
  to   space 39104K, 0% used [0xae470000,0xae470000,0xb0aa0000)
 ParOldGen       total 349568K, used 349566K [0x93390000, 0xa88f0000, 0xa88f0000)
  object space 349568K, 99% used [0x93390000,0xa88ef998,0xa88f0000)
 PSPermGen       total 65536K, used 65535K [0x8f390000, 0x93390000, 0x93390000)
  object space 65536K, 99% used [0x8f390000,0x9338fd30,0x93390000)
GC Heap History (10 events):
Event: 1055.602 GC heap before
{Heap before GC invocations=120 (full 18):
 PSYoungGen      total 132480K, used 28773K [0xa88f0000, 0xb30d0000, 0xb3390000)
  eden space 93696K, 30% used [0xa88f0000,0xaa509570,0xae470000)
  from space 38784K, 0% used [0xb0af0000,0xb0af0000,0xb30d0000)
  to   space 39104K, 0% used [0xae470000,0xae470000,0xb0aa0000)
 ParOldGen       total 349568K, used 349566K [0x93390000, 0xa88f0000, 0xa88f0000)
  object space 349568K, 99% used [0x93390000,0xa88efa40,0xa88f0000)
 PSPermGen       total 65536K, used 65535K [0x8f390000, 0x93390000, 0x93390000)
  object space 65536K, 99% used [0x8f390000,0x9338ffc8,0x93390000)
Event: 1056.753 GC heap after
Heap after GC invocations=120 (full 18):
 PSYoungGen      total 132480K, used 25790K [0xa88f0000, 0xb30d0000, 0xb3390000)
  eden space 93696K, 27% used [0xa88f0000,0xaa21fbb8,0xae470000)
  from space 38784K, 0% used [0xb0af0000,0xb0af0000,0xb30d0000)
  to   space 39104K, 0% used [0xae470000,0xae470000,0xb0aa0000)
 ParOldGen       total 349568K, used 349567K [0x93390000, 0xa88f0000, 0xa88f0000)
  object space 349568K, 99% used [0x93390000,0xa88efc60,0xa88f0000)
 PSPermGen       total 65536K, used 65533K [0x8f390000, 0x93390000, 0x93390000)
  object space 65536K, 99% used [0x8f390000,0x9338f7b0,0x93390000)
}
Event: 1056.753 GC heap before
{Heap before GC invocations=121 (full 19):
 PSYoungGen      total 132480K, used 27149K [0xa88f0000, 0xb30d0000, 0xb3390000)
  eden space 93696K, 28% used [0xa88f0000,0xaa373528,0xae470000)
  from space 38784K, 0% used [0xb0af0000,0xb0af0000,0xb30d0000)
  to   space 39104K, 0% used [0xae470000,0xae470000,0xb0aa0000)
 ParOldGen       total 349568K, used 349567K [0x93390000, 0xa88f0000, 0xa88f0000)
  object space 349568K, 99% used [0x93390000,0xa88efc60,0xa88f0000)
 PSPermGen       total 65536K, used 65535K [0x8f390000, 0x93390000, 0x93390000)
  object space 65536K, 99% used [0x8f390000,0x9338fcb0,0x93390000)
Event: 1057.450 GC heap after
Heap after GC invocations=121 (full 19):
 PSYoungGen      total 132480K, used 25791K [0xa88f0000, 0xb30d0000, 0xb3390000)
  eden space 93696K, 27% used [0xa88f0000,0xaa21fdc8,0xae470000)
  from space 38784K, 0% used [0xb0af0000,0xb0af0000,0xb30d0000)
  to   space 39104K, 0% used [0xae470000,0xae470000,0xb0aa0000)
 ParOldGen       total 349568K, used 349567K [0x93390000, 0xa88f0000, 0xa88f0000)
  object space 349568K, 99% used [0x93390000,0xa88efc60,0xa88f0000)
 PSPermGen       total 65536K, used 65535K [0x8f390000, 0x93390000, 0x93390000)
  object space 65536K, 99% used [0x8f390000,0x9338fcb0,0x93390000)
}
Event: 1057.450 GC heap before
{Heap before GC invocations=122 (full 20):
 PSYoungGen      total 132480K, used 25791K [0xa88f0000, 0xb30d0000, 0xb3390000)
  eden space 93696K, 27% used [0xa88f0000,0xaa21fdc8,0xae470000)
  from space 38784K, 0% used [0xb0af0000,0xb0af0000,0xb30d0000)
  to   space 39104K, 0% used [0xae470000,0xae470000,0xb0aa0000)
 ParOldGen       total 349568K, used 349567K [0x93390000, 0xa88f0000, 0xa88f0000)
  object space 349568K, 99% used [0x93390000,0xa88efc60,0xa88f0000)
 PSPermGen       total 65536K, used 65535K [0x8f390000, 0x93390000, 0x93390000)
  object space 65536K, 99% used [0x8f390000,0x9338fcb0,0x93390000)
Event: 1058.391 GC heap after
Heap after GC invocations=122 (full 20):
 PSYoungGen      total 132480K, used 25297K [0xa88f0000, 0xb30d0000, 0xb3390000)
  eden space 93696K, 26% used [0xa88f0000,0xaa1a45d8,0xae470000)
  from space 38784K, 0% used [0xb0af0000,0xb0af0000,0xb30d0000)
  to   space 39104K, 0% used [0xae470000,0xae470000,0xb0aa0000)
 ParOldGen       total 349568K, used 349566K [0x93390000, 0xa88f0000, 0xa88f0000)
  object space 349568K, 99% used [0x93390000,0xa88ef9b8,0xa88f0000)
 PSPermGen       total 65536K, used 65345K [0x8f390000, 0x93390000, 0x93390000)
  object space 65536K, 99% used [0x8f390000,0x93360420,0x93390000)
}
Event: 1058.406 GC heap before
{Heap before GC invocations=123 (full 21):
 PSYoungGen      total 132480K, used 26714K [0xa88f0000, 0xb30d0000, 0xb3390000)
  eden space 93696K, 28% used [0xa88f0000,0xaa3068a0,0xae470000)
  from space 38784K, 0% used [0xb0af0000,0xb0af0000,0xb30d0000)
  to   space 39104K, 0% used [0xae470000,0xae470000,0xb0aa0000)
 ParOldGen       total 349568K, used 349566K [0x93390000, 0xa88f0000, 0xa88f0000)
  object space 349568K, 99% used [0x93390000,0xa88ef9b8,0xa88f0000)
 PSPermGen       total 65536K, used 65535K [0x8f390000, 0x93390000, 0x93390000)
  object space 65536K, 99% used [0x8f390000,0x9338fd30,0x93390000)
Event: 1059.634 GC heap after
Heap after GC invocations=123 (full 21):
 PSYoungGen      total 132480K, used 25292K [0xa88f0000, 0xb30d0000, 0xb3390000)
  eden space 93696K, 26% used [0xa88f0000,0xaa1a33c0,0xae470000)
  from space 38784K, 0% used [0xb0af0000,0xb0af0000,0xb30d0000)
  to   space 39104K, 0% used [0xae470000,0xae470000,0xb0aa0000)
 ParOldGen       total 349568K, used 349566K [0x93390000, 0xa88f0000, 0xa88f0000)
  object space 349568K, 99% used [0x93390000,0xa88ef998,0xa88f0000)
 PSPermGen       total 65536K, used 65535K [0x8f390000, 0x93390000, 0x93390000)
  object space 65536K, 99% used [0x8f390000,0x9338fd30,0x93390000)
}
Event: 1059.634 GC heap before
{Heap before GC invocations=124 (full 22):
 PSYoungGen      total 132480K, used 25292K [0xa88f0000, 0xb30d0000, 0xb3390000)
  eden space 93696K, 26% used [0xa88f0000,0xaa1a33c0,0xae470000)
  from space 38784K, 0% used [0xb0af0000,0xb0af0000,0xb30d0000)
  to   space 39104K, 0% used [0xae470000,0xae470000,0xb0aa0000)
 ParOldGen       total 349568K, used 349566K [0x93390000, 0xa88f0000, 0xa88f0000)
  object space 349568K, 99% used [0x93390000,0xa88ef998,0xa88f0000)
 PSPermGen       total 65536K, used 65535K [0x8f390000, 0x93390000, 0x93390000)
  object space 65536K, 99% used [0x8f390000,0x9338fd30,0x93390000)
Event: 1060.377 GC heap after
Heap after GC invocations=124 (full 22):
 PSYoungGen      total 132480K, used 25292K [0xa88f0000, 0xb30d0000, 0xb3390000)
  eden space 93696K, 26% used [0xa88f0000,0xaa1a3148,0xae470000)
  from space 38784K, 0% used [0xb0af0000,0xb0af0000,0xb30d0000)
  to   space 39104K, 0% used [0xae470000,0xae470000,0xb0aa0000)
 ParOldGen       total 349568K, used 349566K [0x93390000, 0xa88f0000, 0xa88f0000)
  object space 349568K, 99% used [0x93390000,0xa88ef998,0xa88f0000)
 PSPermGen       total 65536K, used 65535K [0x8f390000, 0x93390000, 0x93390000)
  object space 65536K, 99% used [0x8f390000,0x9338fd30,0x93390000)
}

